[2021-11-04T20:00:02.521] [DEBUG] cheese - Url {
  protocol: 'https:',
  slashes: true,
  auth: null,
  host: 'www.baidu.cim:443',
  port: '443',
  hostname: 'www.baidu.cim',
  hash: '#tag=3',
  search: '?id=2',
  query: 'id=2',
  pathname: '/path/index.html',
  path: '/path/index.html?id=2',
  href: 'https://www.baidu.cim:443/path/index.html?id=2#tag=3'
}
[2021-11-04T20:02:25.567] [DEBUG] cheese - https://www.baidu.cim:443/path/index.html?id=2#tag=3
[2021-11-04T20:04:28.055] [DEBUG] cheese - http://www.abc.com/
[2021-11-04T20:04:28.058] [DEBUG] cheese - http://www.abc.com/b
[2021-11-04T20:15:19.315] [DEBUG] cheese - URLSearchParams { 'id' => '2' }
[2021-11-04T20:24:33.407] [DEBUG] cheese - URLSearchParams { 'id' => '2' }
[2021-11-04T20:24:38.914] [DEBUG] cheese - URLSearchParams { 'id' => '2' }
[2021-11-04T20:24:38.917] [DEBUG] cheese - 2
[2021-11-04T20:24:42.695] [DEBUG] cheese - URLSearchParams { 'id' => '2' }
[2021-11-04T20:24:42.699] [DEBUG] cheese - 2
[2021-11-04T20:28:51.603] [DEBUG] cheese - URLSearchParams { 'id' => '2' }
[2021-11-04T20:28:51.606] [DEBUG] cheese - 2
